====================================================================
  JLEngine Health Check  —  2026-04-08T07:07:33.187
  Files scanned: 20
  0 errors   2 warnings
====================================================================

  BYTE\src\Tools.jl
    [WARN] L 739  [async_silent]  @async block has a catch with no @warn/@error/println — failure is invisible

  src\App.jl
    [WARN] L 343  [async_silent]  @async block has a catch with no @warn/@error/println — failure is invisible

====================================================================
👁️  Initializing Web Eyes...
🧠 Seeding engine state into SQLite...
  ✅ Behavior states: 20 cells indexed
  ✅ Personas: 5 agents indexed
  ✅ Tool schemas: 13 tools indexed
  ✅ Engine framework: 4 sections indexed
  ✅ Engine capabilities: 12 entries indexed
  ✅ SQLite indexes created
✅ Self-context loaded: 708 files, 9 sources, engine state fully indexed.
⚙️  Booting JL Engine Core...
⚡ SPARKBYTE LATTICE BOOTING...
⚡ BYTE serving on 127.0.0.1:8081
